2025-02-12 09:32:56 -- INFO - [0;34mThe user click on [By.xpath: //button[@class='sc-jTzLTM hQpNle cta__button cta__continue btn btn-primary']][0m
2025-02-12 09:32:57 -- INFO - [0;34mget the current URL: https://global.almosafer.com/en[0m
2025-02-12 09:38:13 -- INFO - [0;34mINFO MSG[0m
2025-02-12 09:38:13 -- ERROR- [0;31mERROR MSG[0m
2025-02-12 09:38:13 -- DEBUG- [0;31mDEBUG MSG[0m
2025-02-12 09:38:13 -- WARN - [0;33mWARNING MSG[0m
2025-02-12 09:38:18 -- INFO - [0;34mThe user click on [By.xpath: //button[@class='sc-jTzLTM hQpNle cta__button cta__continue btn btn-primary']][0m
2025-02-12 09:38:19 -- INFO - [0;34mget the current URL: https://global.almosafer.com/en[0m
2025-02-12 09:38:24 -- INFO - [0;34mThe user click on [By.xpath: //button[@class='sc-jTzLTM hQpNle cta__button cta__continue btn btn-primary']][0m
2025-02-12 09:38:27 -- INFO - [0;34mThe user click on [By.xpath: //a[@class='sc-imABML jBAuIA']][0m
2025-02-12 09:38:28 -- INFO - [0;34mget the page title: [0m
2025-02-12 09:38:34 -- INFO - [0;34mThe user click on [By.xpath: //button[@class='sc-jTzLTM hQpNle cta__button cta__continue btn btn-primary']][0m
2025-02-12 09:38:34 -- INFO - [0;34mget the current URL: https://global.almosafer.com/en[0m
2025-02-12 09:42:09 -- INFO - [0;34mINFO MSG[0m
2025-02-12 09:42:09 -- ERROR- [0;31mERROR MSG[0m
2025-02-12 09:42:09 -- DEBUG- [0;31mDEBUG MSG[0m
2025-02-12 09:42:09 -- WARN - [0;33mWARNING MSG[0m
2025-02-12 09:42:13 -- INFO - [0;34mThe user click on [By.xpath: //button[@class='sc-jTzLTM hQpNle cta__button cta__continue btn btn-primary']][0m
2025-02-12 09:42:14 -- INFO - [0;34mget the current URL: https://global.almosafer.com/en[0m
2025-02-12 09:42:19 -- INFO - [0;34mThe user click on [By.xpath: //button[@class='sc-jTzLTM hQpNle cta__button cta__continue btn btn-primary']][0m
2025-02-12 09:42:21 -- INFO - [0;34mThe user click on [By.xpath: //a[@class='sc-imABML jBAuIA']][0m
2025-02-12 09:42:22 -- INFO - [0;34mget the page title: [0m
2025-02-12 09:42:27 -- INFO - [0;34mThe user click on [By.xpath: //button[@class='sc-jTzLTM hQpNle cta__button cta__continue btn btn-primary']][0m
2025-02-12 09:42:28 -- INFO - [0;34mget the current URL: https://global.almosafer.com/en[0m
2025-02-12 09:44:07 -- INFO - [0;34mINFO MSG[0m
2025-02-12 09:44:07 -- ERROR- [0;31mERROR MSG[0m
2025-02-12 09:44:07 -- DEBUG- [0;31mDEBUG MSG[0m
2025-02-12 09:44:07 -- WARN - [0;33mWARNING MSG[0m
2025-02-12 09:44:12 -- INFO - [0;34mThe user click on [By.xpath: //button[@class='sc-jTzLTM hQpNle cta__button cta__continue btn btn-primary']][0m
2025-02-12 09:44:13 -- INFO - [0;34mget the current URL: https://global.almosafer.com/en[0m
2025-02-12 09:44:18 -- INFO - [0;34mThe user click on [By.xpath: //button[@class='sc-jTzLTM hQpNle cta__button cta__continue btn btn-primary']][0m
2025-02-12 09:44:19 -- INFO - [0;34mThe user click on [By.xpath: //a[@class='sc-imABML jBAuIA']][0m
2025-02-12 09:44:20 -- INFO - [0;34mget the page title: [0m
2025-02-12 09:44:26 -- INFO - [0;34mThe user click on [By.xpath: //button[@class='sc-jTzLTM hQpNle cta__button cta__continue btn btn-primary']][0m
2025-02-12 09:44:26 -- INFO - [0;34mget the current URL: https://global.almosafer.com/en[0m
